---------------------------------------
Begin PBS Prologue Mon Apr 17 23:38:41 EDT 2023
Job ID:     544853.sched-coc-ice.pace.gatech.edu
User ID:    cman8
Job name:   ParticalSim-Proj
Queue:      coc-ice-multi
End PBS Prologue Mon Apr 17 23:38:41 EDT 2023
---------------------------------------
avg iter time 0.000855
avg iter time 0.000856
avg iter time 0.000857
avg iter time 0.000856
avg iter time 0.000857
avg iter time 0.000858
avg iter time 0.000857
avg iter time 0.000857
avg iter time 0.000857
avg iter time 0.000858
avg iter time 0.000857
avg iter time 0.000856
avg iter time 0.000856
avg iter time 0.000856
avg iter time 0.000856
avg iter time 0.000861
avg iter time 0.000856
avg iter time 0.000856
avg iter time 0.000856
avg iter time 0.000856
avg iter time 0.000856
avg iter time 0.000857
avg iter time 0.000856
avg iter time 0.000856
avg iter time 0.000856
avg iter time 0.000856
avg iter time 0.000857
avg iter time 0.000857
avg iter time 0.000857
avg iter time 0.000856
avg iter time 0.000856
avg iter time 0.000862
avg iter time 0.000863
avg iter time 0.000856
avg iter time 0.000856
avg iter time 0.000856
avg iter time 0.000856
avg iter time 0.000857
avg iter time 0.000858
avg iter time 0.000856
avg iter time 0.000856
avg iter time 0.000857
avg iter time 0.000857
avg iter time 0.000857
avg iter time 0.000856
avg iter time 0.000856
avg iter time 0.000856
avg iter time 0.000857
avg iter time 0.000857
avg iter time 0.000856
avg iter time 0.000856
avg iter time 0.000856
avg iter time 0.000857
avg iter time 0.000857
avg iter time 0.000857
avg iter time 0.000857
avg iter time 0.000856
avg iter time 0.000856
avg iter time 0.000857
avg iter time 0.000856
avg iter time 0.000858
avg iter time 0.000857
avg iter time 0.000858
avg iter time 0.000859
avg iter time 0.000856
avg iter time 0.000859
avg iter time 0.000859
avg iter time 0.000856
avg iter time 0.000858
avg iter time 0.000856
avg iter time 0.000857
avg iter time 0.000858
avg iter time 0.000856
avg iter time 0.000860
avg iter time 0.000856
avg iter time 0.000859
avg iter time 0.000856
avg iter time 0.000861
avg iter time 0.000856
avg iter time 0.000860
avg iter time 0.000859
avg iter time 0.000867
avg iter time 0.000859
avg iter time 0.000862
avg iter time 0.000859
avg iter time 0.000858
avg iter time 0.000859
avg iter time 0.000859
avg iter time 0.000860
avg iter time 0.000860
avg iter time 0.000861
avg iter time 0.000865
avg iter time 0.000863
avg iter time 0.000866
avg iter time 0.000863
avg iter time 0.000864
avg iter time 0.000864
avg iter time 0.000868
avg iter time 0.000871
avg iter time 0.000876
avg iter time 0.000876
avg iter time 0.000877
avg iter time 0.000877
avg iter time 0.000878
avg iter time 0.000878
avg iter time 0.000878
avg iter time 0.000878
avg iter time 0.000879
avg iter time 0.000879
avg iter time 0.000879
avg iter time 0.000879
avg iter time 0.000883
avg iter time 0.000885
avg iter time 0.000895
avg iter time 0.000922
avg iter time 0.000928
avg iter time 0.000954
avg iter time 0.000855
avg iter time 0.000856
avg iter time 0.000856
avg iter time 0.000856
avg iter time 0.000858
avg iter time 0.000859
avg iter time 0.000871
avg iter time 0.000878
avg iter time 0.001109
avg iter time 0.001119
avg iter time 0.001198
avg iter time 0.001520
avg iter time 0.001520
avg iter time 0.001520
avg iter time 0.001520
avg iter time 0.001520
avg iter time 0.001522
avg iter time 0.001520
avg iter time 0.001520
avg iter time 0.001522
avg iter time 0.001520
avg iter time 0.001520
avg iter time 0.001522
avg iter time 0.001522
avg iter time 0.001522
avg iter time 0.001521
avg iter time 0.001520
avg iter time 0.001521
avg iter time 0.001523
avg iter time 0.001520
avg iter time 0.001520
avg iter time 0.001521
avg iter time 0.001521
avg iter time 0.001521
avg iter time 0.001520
avg iter time 0.001521
avg iter time 0.001521
avg iter time 0.001521
avg iter time 0.001521
avg iter time 0.001521
avg iter time 0.001522
avg iter time 0.001520
avg iter time 0.001521
avg iter time 0.001521
avg iter time 0.001521
avg iter time 0.001520
avg iter time 0.001521
avg iter time 0.001523
avg iter time 0.001521
avg iter time 0.001521
avg iter time 0.001521
avg iter time 0.001525
avg iter time 0.001522
avg iter time 0.001521
avg iter time 0.001522
avg iter time 0.001523
avg iter time 0.001521
avg iter time 0.001524
avg iter time 0.001526
avg iter time 0.001521
avg iter time 0.001525
avg iter time 0.001526
avg iter time 0.001521
avg iter time 0.001521
avg iter time 0.001525
avg iter time 0.001522
avg iter time 0.001526
avg iter time 0.001524
avg iter time 0.001524
avg iter time 0.001525
avg iter time 0.001526
avg iter time 0.001528
avg iter time 0.001529
avg iter time 0.001529
avg iter time 0.001530
avg iter time 0.001531
avg iter time 0.001530
avg iter time 0.001532
avg iter time 0.001533
avg iter time 0.001535
avg iter time 0.001537
avg iter time 0.001548
avg iter time 0.001549
avg iter time 0.001550
avg iter time 0.001550
avg iter time 0.001550
avg iter time 0.001550
avg iter time 0.001551
avg iter time 0.001554
avg iter time 0.001555
avg iter time 0.001556
avg iter time 0.001556
avg iter time 0.001557
avg iter time 0.001558
avg iter time 0.001559
avg iter time 0.001559
avg iter time 0.001559
avg iter time 0.001608
avg iter time 0.001520
avg iter time 0.001649
avg iter time 0.001521
avg iter time 0.001525
avg iter time 0.001529
avg iter time 0.001551
avg iter time 0.001564
avg iter time 0.002149
avg iter time 0.002299
avg iter time 0.002672
avg iter time 0.002673
avg iter time 0.002673
avg iter time 0.002674
avg iter time 0.002673
avg iter time 0.002674
avg iter time 0.002675
avg iter time 0.002675
avg iter time 0.002675
avg iter time 0.002674
avg iter time 0.002675
avg iter time 0.002676
avg iter time 0.002675
avg iter time 0.002677
avg iter time 0.002675
avg iter time 0.002675
avg iter time 0.002677
avg iter time 0.002676
avg iter time 0.002676
avg iter time 0.002676
avg iter time 0.002677
avg iter time 0.002679
avg iter time 0.002679
avg iter time 0.002678
avg iter time 0.002678
avg iter time 0.002679
avg iter time 0.002680
avg iter time 0.002680
avg iter time 0.002680
avg iter time 0.002679
avg iter time 0.002682
avg iter time 0.002683
avg iter time 0.002685
avg iter time 0.002689
avg iter time 0.002691
avg iter time 0.002693
avg iter time 0.002695
avg iter time 0.002702
avg iter time 0.002704
avg iter time 0.002752
avg iter time 0.002753
avg iter time 0.002753
avg iter time 0.002754
avg iter time 0.002755
avg iter time 0.002754
avg iter time 0.002755
avg iter time 0.002755
avg iter time 0.002754
avg iter time 0.002755
avg iter time 0.002755
avg iter time 0.002755
avg iter time 0.002755
avg iter time 0.002755
avg iter time 0.002755
avg iter time 0.002757
avg iter time 0.002757
avg iter time 0.002757
avg iter time 0.002757
avg iter time 0.002759
avg iter time 0.002759
avg iter time 0.002761
avg iter time 0.002763
avg iter time 0.002764
avg iter time 0.002765
avg iter time 0.002766
avg iter time 0.002770
avg iter time 0.002786
avg iter time 0.002789
avg iter time 0.003026
avg iter time 0.003385
avg iter time 0.003586
avg iter time 0.004106
avg iter time 0.003415
avg iter time 0.003416
avg iter time 0.003417
avg iter time 0.003417
avg iter time 0.003419
avg iter time 0.003417
avg iter time 0.003418
avg iter time 0.003419
avg iter time 0.003419
avg iter time 0.003418
avg iter time 0.003420
avg iter time 0.003418
avg iter time 0.003418
avg iter time 0.003418
avg iter time 0.003419
avg iter time 0.003419
avg iter time 0.003419
avg iter time 0.003419
avg iter time 0.003419
avg iter time 0.003420
avg iter time 0.003420
avg iter time 0.003421
avg iter time 0.003421
avg iter time 0.003421
avg iter time 0.003422
avg iter time 0.003422
avg iter time 0.003422
avg iter time 0.003422
avg iter time 0.003424
avg iter time 0.003424
avg iter time 0.003436
avg iter time 0.003437
avg iter time 0.003444
avg iter time 0.003461
avg iter time 0.003461
avg iter time 0.003462
avg iter time 0.003463
avg iter time 0.003463
avg iter time 0.003465
avg iter time 0.003466
avg iter time 0.003467
avg iter time 0.003468
avg iter time 0.003470
avg iter time 0.003471
avg iter time 0.003477
avg iter time 0.003416
avg iter time 0.003417
avg iter time 0.003419
avg iter time 0.003420
avg iter time 0.003419
avg iter time 0.003422
avg iter time 0.003421
avg iter time 0.003422
avg iter time 0.003423
avg iter time 0.003424
avg iter time 0.003429
avg iter time 0.003434
avg iter time 0.003462
avg iter time 0.003465
avg iter time 0.003466
avg iter time 0.003475
avg iter time 0.004189
avg iter time 0.004269
avg iter time 0.005116
avg iter time 0.006074
avg iter time 0.006077
avg iter time 0.006079
avg iter time 0.006078
avg iter time 0.006078
avg iter time 0.006083
avg iter time 0.006082
avg iter time 0.006086
avg iter time 0.006088
avg iter time 0.006088
avg iter time 0.006091
avg iter time 0.006091
avg iter time 0.006092
avg iter time 0.006094
avg iter time 0.006093
avg iter time 0.006097
avg iter time 0.006098
avg iter time 0.006097
avg iter time 0.006097
avg iter time 0.006099
avg iter time 0.006100
avg iter time 0.006102
avg iter time 0.006102
avg iter time 0.006106
avg iter time 0.006114
avg iter time 0.006114
avg iter time 0.006117
avg iter time 0.006118
avg iter time 0.006120
avg iter time 0.006122
avg iter time 0.006134
avg iter time 0.006138
avg iter time 0.006140
avg iter time 0.006151
avg iter time 0.006152
avg iter time 0.006154
avg iter time 0.006157
avg iter time 0.006158
avg iter time 0.006163
avg iter time 0.006164
avg iter time 0.006168
avg iter time 0.006180
avg iter time 0.006180
avg iter time 0.006197
avg iter time 0.006506
avg iter time 0.006636
avg iter time 0.008756
avg iter time 0.009233
avg iter time 0.010849
avg iter time 0.010877
avg iter time 0.010880
avg iter time 0.010880
avg iter time 0.010879
avg iter time 0.010901
avg iter time 0.010905
avg iter time 0.010907
avg iter time 0.010914
avg iter time 0.010916
avg iter time 0.010919
avg iter time 0.010846
avg iter time 0.010870
avg iter time 0.010954
avg iter time 0.010957
avg iter time 0.010881
avg iter time 0.010881
avg iter time 0.010886
avg iter time 0.010914
avg iter time 0.010937
avg iter time 0.010941
avg iter time 0.011027
avg iter time 0.010969
avg iter time 0.010976
avg iter time 0.011056
avg iter time 0.010977
avg iter time 0.011008
avg iter time 0.011089
avg iter time 0.011011
avg iter time 0.011031
avg iter time 0.011116
avg iter time 0.011117
avg iter time 0.011041
avg iter time 0.011041
avg iter time 0.011047
avg iter time 0.011074
avg iter time 0.013779
avg iter time 0.013779
avg iter time 0.013798
avg iter time 0.013802
avg iter time 0.013807
avg iter time 0.013809
avg iter time 0.013809
avg iter time 0.013810
avg iter time 0.013838
avg iter time 0.013843
avg iter time 0.013845
avg iter time 0.013861
avg iter time 0.013869
avg iter time 0.013876
avg iter time 0.013886
avg iter time 0.013889
avg iter time 0.013890
avg iter time 0.013891
avg iter time 0.013899
avg iter time 0.013898
avg iter time 0.013900
avg iter time 0.013908
avg iter time 0.013910
avg iter time 0.013916
avg iter time 0.013923
avg iter time 0.013925
avg iter time 0.013938
avg iter time 0.013972
avg iter time 0.013973
avg iter time 0.013979
avg iter time 0.013979
avg iter time 0.013989
avg iter time 0.024488
avg iter time 0.024498
avg iter time 0.024502
avg iter time 0.024504
avg iter time 0.024529
avg iter time 0.024533
avg iter time 0.024558
avg iter time 0.024563
avg iter time 0.024564
avg iter time 0.024571
avg iter time 0.024588
avg iter time 0.024589
avg iter time 0.024644
avg iter time 0.024685
avg iter time 0.024687
avg iter time 0.024720
avg iter time 0.024740
avg iter time 0.024753
avg iter time 0.024756
avg iter time 0.024769
avg iter time 0.024791
avg iter time 0.024898
avg iter time 0.024910
avg iter time 0.025945
---------------------------------------
Begin PBS Epilogue Mon Apr 17 23:38:59 EDT 2023
Job ID:     544853.sched-coc-ice.pace.gatech.edu
User ID:    cman8
Job name:   ParticalSim-Proj
Resources:  nodes=16:ppn=8,neednodes=16:ppn=8,walltime=01:00:00
Rsrc Used:  cput=00:07:07,vmem=296064kb,walltime=00:00:17,mem=24708kb,energy_used=0
Queue:      coc-ice-multi
Nodes:     
atl1-1-01-005-2-l.pace.gatech.edu atl1-1-01-005-2-r.pace.gatech.edu 
atl1-1-02-010-1-r.pace.gatech.edu atl1-1-02-010-2-l.pace.gatech.edu 
atl1-1-02-010-2-r.pace.gatech.edu atl1-1-02-010-5-r.pace.gatech.edu 
atl1-1-02-010-6-l.pace.gatech.edu
End PBS Epilogue Mon Apr 17 23:38:59 EDT 2023
---------------------------------------
